#
# There is insufficient memory for the Java Runtime Environment to continue.
# Native memory allocation (malloc) failed to allocate 32744 bytes for ChunkPool::allocate
# Possible reasons:
#   The system is out of physical RAM or swap space
#   The process is running with CompressedOops enabled, and the Java Heap may be blocking the growth of the native heap
# Possible solutions:
#   Reduce memory load on the system
#   Increase physical memory or swap space
#   Check if swap backing store is full
#   Decrease Java heap size (-Xmx/-Xms)
#   Decrease number of Java threads
#   Decrease Java thread stack sizes (-Xss)
#   Set larger code cache with -XX:ReservedCodeCacheSize=
#   JVM is running with Unscaled Compressed Oops mode in which the Java heap is
#     placed in the first 4GB address space. The Java Heap base address is the
#     maximum limit for the native heap growth. Please use -XX:HeapBaseMinAddress
#     to set the Java Heap base and to place the Java Heap above 4GB virtual address.
# This output file may be truncated or incomplete.
#
#  Out of Memory Error (arena.cpp:78), pid=9752, tid=18392
#
# JRE version: Java(TM) SE Runtime Environment (17.0.11+7) (build 17.0.11+7-LTS-207)
# Java VM: Java HotSpot(TM) 64-Bit Server VM (17.0.11+7-LTS-207, mixed mode, sharing, tiered, compressed oops, compressed class ptrs, g1 gc, windows-amd64)
# No core dump will be written. Minidumps are not enabled by default on client versions of Windows
#

---------------  S U M M A R Y ------------

Command Line: -ea -Dfile.encoding=UTF-8 -XX:+ShowCodeDetailsInExceptionMessages org.testng.remote.RemoteTestNG -serport 58751 -protocol json -d C:\Users\user\eclipseworkspace\UXrinQA\test-output C:\Users\user\AppData\Local\Temp\testng-eclipse--1535544664\testng-customsuite.xml

Host: 12th Gen Intel(R) Core(TM) i5-1235U, 12 cores, 7G,  Windows 11 , 64 bit Build 22621 (10.0.22621.3958)
Time: Tue Sep 10 16:03:01 2024 Paris, Madrid (heure duild 22621 (10.0.22621.3958) elapsed time: 21.244362 seconds (0d 0h 0m 21s)

---------------  T H R E A D  ---------------

Current thread (0x000001cfd400d360):  JavaThread "C2 CompilerThread0" daemon [_thread_in_native, id=18392, stack(0x000000a4aa600000,0x000000a4aa700000)]


Current CompileTask:
C2:  21244 1834       4       java.io.DataInputStream::readUTF (501 bytes)

Stack: [0x000000a4aa600000,0x000000a4aa700000]
Native frames: (J=compiled Java code, j=interpreted, Vv=VM code, C=native code)
V  [jvm.dll+0x679cca]
V  [jvm.dll+0x7da13d]
V  [jvm.dll+0x7dba83]
V  [jvm.dll+0x7dc0f3]
V  [jvm.dll+0x2449af]
V  [jvm.dll+0xaba8c]
V  [jvm.dll+0xabe1c]
V  [jvm.dll+0x90933]
V  [jvm.dll+0x607917]
V  [jvm.dll+0x60cf17]
V  [jvm.dll+0x60dd5c]
V  [jvm.dll+0x60c24a]
V  [jvm.dll+0x21605e]
V  [jvm.dll+0x21560f]
V  [jvm.dll+0x1a2040]
V  [jvm.dll+0x225a2b]
V  [jvm.dll+0x223bcb]
V  [jvm.dll+0x7903ec]
V  [jvm.dll+0x78a85a]
V  [jvm.dll+0x678bb5]
C  [ucrtbase.dll+0x29333]
C  [KERNEL32.DLL+0x1257d]
C  [ntdll.dll+0x5af28]


---------------  P R O C E S S  ---------------

Threads class SMR info:
_java_thread_list=0x000001d01a42d460, length=19, elements={
0x000001cfb3ce7700, 0x000001cfd3ff4360, 0x000001cfd3ff8010, 0x000001cfd4009820,
0x000001cfd400b100, 0x000001cfd400b9d0, 0x000001cfd400c2a0, 0x000001cfd400d360,
0x000001cfd401f7c0, 0x000001cfd40240f0, 0x000001cfd428a480, 0x000001cfd429a610,
0x000001cfd46aac30, 0x000001cfd4d26ca0, 0x000001cfd4d03020, 0x000001d01a5849c0,
0x000001d01aa32470, 0x000001d01a429420, 0x000001cfd49113b0
}

Java Threads: ( => current thread )
  0x000001cfb3ce7700 JavaThread "main" [_thread_in_vm, id=4864, stack(0x000000a4a9900000,0x000000a4a9a00000)]
  0x000001cfd3ff4360 JavaThread "Reference Handler" daemon [_thread_blocked, id=25884, stack(0x000000a4aa000000,0x000000a4aa100000)]
  0x000001cfd3ff8010 JavaThread "Finalizer" daemon [_thread_blocked, id=23452, stack(0x000000a4aa100000,0x000000a4aa200000)]
  0x000001cfd4009820 JavaThread "Signal Dispatcher" daemon [_thread_blocked, id=25696, stack(0x000000a4aa200000,0x000000a4aa300000)]
  0x000001cfd400b100 JavaThread "Attach Listener" daemon [_thread_blocked, id=26536, stack(0x000000a4aa300000,0x000000a4aa400000)]
  0x000001cfd400b9d0 JavaThread "Service Thread" daemon [_thread_blocked, id=7528, stack(0x000000a4aa400000,0x000000a4aa500000)]
  0x000001cfd400c2a0 JavaThread "Monitor Deflation Thread" daemon [_thread_blocked, id=26792, stack(0x000000a4aa500000,0x000000a4aa600000)]
=>0x000001cfd400d360 JavaThread "C2 CompilerThread0" daemon [_thread_in_native, id=18392, stack(0x000000a4aa600000,0x000000a4aa700000)]
  0x000001cfd401f7c0 JavaThread "C1 CompilerThread0" daemon [_thread_in_native, id=5344, stack(0x000000a4aa700000,0x000000a4aa800000)]
  0x000001cfd40240f0 JavaThread "Sweeper thread" daemon [_thread_blocked, id=6676, stack(0x000000a4aa800000,0x000000a4aa900000)]
  0x000001cfd428a480 JavaThread "Notification Thread" daemon [_thread_blocked, id=2792, stack(0x000000a4aa900000,0x000000a4aaa00000)]
  0x000001cfd429a610 JavaThread "Common-Cleaner" daemon [_thread_blocked, id=13488, stack(0x000000a4aab00000,0x000000a4aac00000)]
  0x000001cfd46aac30 JavaThread "ReaderThread" [_thread_in_native, id=18228, stack(0x000000a4aae00000,0x000000a4aaf00000)]
  0x000001cfd4d26ca0 JavaThread "ForkJoinPool.commonPool-worker-1" daemon [_thread_blocked, id=12020, stack(0x000000a4aaf00000,0x000000a4ab000000)]
  0x000001cfd4d03020 JavaThread "HttpClient-1-SelectorManager" daemon [_thread_in_native, id=14344, stack(0x000000a4ab700000,0x000000a4ab800000)]
  0x000001d01a5849c0 JavaThread "JdkHttpClient-0-0" daemon [_thread_blocked, id=15024, stack(0x000000a4ab800000,0x000000a4ab900000)]
  0x000001d01aa32470 JavaThread "JdkHttpClient-0-1" daemon [_thread_blocked, id=9364, stack(0x000000a4ab900000,0x000000a4aba00000)]
  0x000001d01a429420 JavaThread "JdkHttpClient-0-2" daemon [_thread_blocked, id=8476, stack(0x000000a4aba00000,0x000000a4abb00000)]
  0x000001cfd49113b0 JavaThread "C2 CompilerThread1" daemon [_thread_in_native, id=25672, stack(0x000000a4aac00000,0x000000a4aad00000)]

Other Threads:
  0x000001cfd3ff1830 VMThread "VM Thread" [stack: 0x000000a4a9f00000,0x000000a4aa000000] [id=25460]
  0x000001cfd428e980 WatcherThread [stack: 0x000000a4aaa00000,0x000000a4aab00000] [id=11152]
  0x000001cfb3d40660 GCTaskThread "GC Thread#0" [stack: 0x000000a4a9a00000,0x000000a4a9b00000] [id=4452]
  0x000001d01a3486b0 GCTaskThread "GC Thread#1" [stack: 0x000000a4ab000000,0x000000a4ab100000] [id=19220]
  0x000001d01a361040 GCTaskThread "GC Thread#2" [stack: 0x000000a4ab100000,0x000000a4ab200000] [id=14288]
  0x000001d01a361910 GCTaskThread "GC Thread#3" [stack: 0x000000a4ab200000,0x000000a4ab300000] [id=6240]
  0x000001cfd4c89fa0 GCTaskThread "GC Thread#4" [stack: 0x000000a4ab300000,0x000000a4ab400000] [id=372]
  0x000001cfd4c8aa70 GCTaskThread "GC Thread#5" [stack: 0x000000a4ab400000,0x000000a4ab500000] [id=12308]
  0x000001cfd4c8b140 GCTaskThread "GC Thread#6" [stack: 0x000000a4ab500000,0x000000a4ab600000] [id=15868]
  0x000001cfd4c8b610 GCTaskThread "GC Thread#7" [stack: 0x000000a4ab600000,0x000000a4ab700000] [id=24896]
  0x000001cfb3d52380 ConcurrentGCThread "G1 Main Marker" [stack: 0x000000a4a9b00000,0x000000a4a9c00000] [id=25252]
  0x000001cfb3d52ca0 ConcurrentGCThread "G1 Conc#0" [stack: 0x000000a4a9c00000,0x000000a4a9d00000] [id=18820]
  0x000001cfb3d9dd70 ConcurrentGCThread "G1 Refine#0" [stack: 0x000000a4a9d00000,0x000000a4a9e00000] [id=8980]
  0x000001cfb3d9e6b0 ConcurrentGCThread "G1 Service" [stack: 0x000000a4a9e00000,0x000000a4a9f00000] [id=27600]

Threads with active compile tasks:
C2 CompilerThread0    21275 1834       4       java.io.DataInputStream::readUTF (501 bytes)
C1 CompilerThread0    21275 1896       3       sun.util.locale.BaseLocale$Key::hashCode (178 bytes)
C2 CompilerThread1    21275 1877   !   4       java.lang.ref.ReferenceQueue::poll (28 bytes)

VM state: not at safepoint (normal execution)

VM Mutex/Monitor currently owned by a thread:  ([mutex/lock_event])
[0x000001cfb3cd62b0] Metaspace_lock - owner thread: 0x000001cfb3ce7700
[0x000001cfb3ce2f90] MethodData_lock - owner thread: 0x000001cfb3ce7700

Heap address: 0x0000000084e00000, size: 1970 MB, Compressed Oops mode: 32-bit

CDS archive(s) mapped at: [0x000001cfd5000000-0x000001cfd5bd0000-0x000001cfd5bd0000), size 12386304, SharedBaseAddress: 0x000001cfd5000000, ArchiveRelocationMode: 1.
Compressed class space mapped at: 0x000001cfd6000000-0x000001d016000000, reserved size: 1073741824
Narrow klass base: 0x000001cfd5000000, Narrow klass shift: 0, Narrow klass range: 0x100000000

GC Precious Log:
 CPUs: 12 total, 12 available
 Memory: 7875M
 Large Page Support: Disabled
 NUMA Support: Disabled
 Compressed Oops: Enabled (32-bit)
 Heap Region Size: 1M
 Heap Min Capacity: 8M
 Heap Initial Capacity: 124M
 Heap Max Capacity: 1970M
 Pre-touch: Disabled
 Parallel Workers: 10
 Concurrent Workers: 3
 Concurrent Refinement Workers: 10
 Periodic GC: Disabled

Heap:
 garbage-first heap   total 126976K, used 20306K [0x0000000084e00000, 0x0000000100000000)
  region size 1024K, 19 young (19456K), 3 survivors (3072K)
 Metaspace       used 14898K, committed 15104K, reserved 1114112K
  class space    used 1802K, committed 1920K, reserved 1048576K

Heap Regions: E=young(eden), S=young(survivor), O=old, HS=humongous(starts), HC=humongous(continues), CS=collection set, F=free, OA=open archive, CA=closed archive, TAMS=top-at-mark-start (previous, next)
|   0|0x0000000084e00000, 0x0000000084f00000, 0x0000000084f00000|100%| O|  |TAMS 0x0000000084e00000, 0x0000000084e00000| Untracked 
|   1|0x0000000084f00000, 0x0000000084fd4a00, 0x0000000085000000| 83%| O|  |TAMS 0x0000000084f00000, 0x0000000084f00000| Untracked 
|   2|0x0000000085000000, 0x0000000085000000, 0x0000000085100000|  0%| F|  |TAMS 0x0000000085000000, 0x0000000085000000| Untracked 
|   3|0x0000000085100000, 0x0000000085100000, 0x0000000085200000|  0%| F|  |TAMS 0x0000000085100000, 0x0000000085100000| Untracked 
|   4|0x0000000085200000, 0x0000000085200000, 0x0000000085300000|  0%| F|  |TAMS 0x0000000085200000, 0x0000000085200000| Untracked 
|   5|0x0000000085300000, 0x0000000085300000, 0x0000000085400000|  0%| F|  |TAMS 0x0000000085300000, 0x0000000085300000| Untracked 
|   6|0x0000000085400000, 0x0000000085400000, 0x0000000085500000|  0%| F|  |TAMS 0x0000000085400000, 0x0000000085400000| Untracked 
|   7|0x0000000085500000, 0x0000000085500000, 0x0000000085600000|  0%| F|  |TAMS 0x0000000085500000, 0x0000000085500000| Untracked 
|   8|0x0000000085600000, 0x0000000085600000, 0x0000000085700000|  0%| F|  |TAMS 0x0000000085600000, 0x0000000085600000| Untracked 
|   9|0x0000000085700000, 0x0000000085700000, 0x0000000085800000|  0%| F|  |TAMS 0x0000000085700000, 0x0000000085700000| Untracked 
|  10|0x0000000085800000, 0x0000000085800000, 0x0000000085900000|  0%| F|  |TAMS 0x0000000085800000, 0x0000000085800000| Untracked 
|  11|0x0000000085900000, 0x0000000085900000, 0x0000000085a00000|  0%| F|  |TAMS 0x0000000085900000, 0x0000000085900000| Untracked 
|  12|0x0000000085a00000, 0x0000000085a00000, 0x0000000085b00000|  0%| F|  |TAMS 0x0000000085a00000, 0x0000000085a00000| Untracked 
|  13|0x0000000085b00000, 0x0000000085b00000, 0x0000000085c00000|  0%| F|  |TAMS 0x0000000085b00000, 0x0000000085b00000| Untracked 
|  14|0x0000000085c00000, 0x0000000085c00000, 0x0000000085d00000|  0%| F|  |TAMS 0x0000000085c00000, 0x0000000085c00000| Untracked 
|  15|0x0000000085d00000, 0x0000000085d00000, 0x0000000085e00000|  0%| F|  |TAMS 0x0000000085d00000, 0x0000000085d00000| Untracked 
|  16|0x0000000085e00000, 0x0000000085e00000, 0x0000000085f00000|  0%| F|  |TAMS 0x0000000085e00000, 0x0000000085e00000| Untracked 
|  17|0x0000000085f00000, 0x0000000085f00000, 0x0000000086000000|  0%| F|  |TAMS 0x0000000085f00000, 0x0000000085f00000| Untracked 
|  18|0x0000000086000000, 0x0000000086000000, 0x0000000086100000|  0%| F|  |TAMS 0x0000000086000000, 0x0000000086000000| Untracked 
|  19|0x0000000086100000, 0x0000000086100000, 0x0000000086200000|  0%| F|  |TAMS 0x0000000086100000, 0x0000000086100000| Untracked 
|  20|0x0000000086200000, 0x0000000086200000, 0x0000000086300000|  0%| F|  |TAMS 0x0000000086200000, 0x0000000086200000| Untracked 
|  21|0x0000000086300000, 0x0000000086300000, 0x0000000086400000|  0%| F|  |TAMS 0x0000000086300000, 0x0000000086300000| Untracked 
|  22|0x0000000086400000, 0x0000000086400000, 0x0000000086500000|  0%| F|  |TAMS 0x0000000086400000, 0x0000000086400000| Untracked 
|  23|0x0000000086500000, 0x0000000086500000, 0x0000000086600000|  0%| F|  |TAMS 0x0000000086500000, 0x0000000086500000| Untracked 
|  24|0x0000000086600000, 0x0000000086600000, 0x0000000086700000|  0%| F|  |TAMS 0x0000000086600000, 0x0000000086600000| Untracked 
|  25|0x0000000086700000, 0x0000000086700000, 0x0000000086800000|  0%| F|  |TAMS 0x0000000086700000, 0x0000000086700000| Untracked 
|  26|0x0000000086800000, 0x0000000086800000, 0x0000000086900000|  0%| F|  |TAMS 0x0000000086800000, 0x0000000086800000| Untracked 
|  27|0x0000000086900000, 0x0000000086900000, 0x0000000086a00000|  0%| F|  |TAMS 0x0000000086900000, 0x0000000086900000| Untracked 
|  28|0x0000000086a00000, 0x0000000086a00000, 0x0000000086b00000|  0%| F|  |TAMS 0x0000000086a00000, 0x0000000086a00000| Untracked 
|  29|0x0000000086b00000, 0x0000000086b00000, 0x0000000086c00000|  0%| F|  |TAMS 0x0000000086b00000, 0x0000000086b00000| Untracked 
|  30|0x0000000086c00000, 0x0000000086c00000, 0x0000000086d00000|  0%| F|  |TAMS 0x0000000086c00000, 0x0000000086c00000| Untracked 
|  31|0x0000000086d00000, 0x0000000086d00000, 0x0000000086e00000|  0%| F|  |TAMS 0x0000000086d00000, 0x0000000086d00000| Untracked 
|  32|0x0000000086e00000, 0x0000000086e00000, 0x0000000086f00000|  0%| F|  |TAMS 0x0000000086e00000, 0x0000000086e00000| Untracked 
|  33|0x0000000086f00000, 0x0000000086f00000, 0x0000000087000000|  0%| F|  |TAMS 0x0000000086f00000, 0x0000000086f00000| Untracked 
|  34|0x0000000087000000, 0x0000000087000000, 0x0000000087100000|  0%| F|  |TAMS 0x0000000087000000, 0x0000000087000000| Untracked 
|  35|0x0000000087100000, 0x0000000087100000, 0x0000000087200000|  0%| F|  |TAMS 0x0000000087100000, 0x0000000087100000| Untracked 
|  36|0x0000000087200000, 0x0000000087200000, 0x0000000087300000|  0%| F|  |TAMS 0x0000000087200000, 0x0000000087200000| Untracked 
|  37|0x0000000087300000, 0x0000000087300000, 0x0000000087400000|  0%| F|  |TAMS 0x0000000087300000, 0x0000000087300000| Untracked 
|  38|0x0000000087400000, 0x0000000087400000, 0x0000000087500000|  0%| F|  |TAMS 0x0000000087400000, 0x0000000087400000| Untracked 
|  39|0x0000000087500000, 0x0000000087500000, 0x0000000087600000|  0%| F|  |TAMS 0x0000000087500000, 0x0000000087500000| Untracked 
|  40|0x0000000087600000, 0x0000000087600000, 0x0000000087700000|  0%| F|  |TAMS 0x0000000087600000, 0x0000000087600000| Untracked 
|  41|0x0000000087700000, 0x0000000087700000, 0x0000000087800000|  0%| F|  |TAMS 0x0000000087700000, 0x0000000087700000| Untracked 
|  42|0x0000000087800000, 0x0000000087800000, 0x0000000087900000|  0%| F|  |TAMS 0x0000000087800000, 0x0000000087800000| Untracked 
|  43|0x0000000087900000, 0x0000000087900000, 0x0000000087a00000|  0%| F|  |TAMS 0x0000000087900000, 0x0000000087900000| Untracked 
|  44|0x0000000087a00000, 0x0000000087a00000, 0x0000000087b00000|  0%| F|  |TAMS 0x0000000087a00000, 0x0000000087a00000| Untracked 
|  45|0x0000000087b00000, 0x0000000087b00000, 0x0000000087c00000|  0%| F|  |TAMS 0x0000000087b00000, 0x0000000087b00000| Untracked 
|  46|0x0000000087c00000, 0x0000000087c00000, 0x0000000087d00000|  0%| F|  |TAMS 0x0000000087c00000, 0x0000000087c00000| Untracked 
|  47|0x0000000087d00000, 0x0000000087d00000, 0x0000000087e00000|  0%| F|  |TAMS 0x0000000087d00000, 0x0000000087d00000| Untracked 
|  48|0x0000000087e00000, 0x0000000087e00000, 0x0000000087f00000|  0%| F|  |TAMS 0x0000000087e00000, 0x0000000087e00000| Untracked 
|  49|0x0000000087f00000, 0x0000000087f00000, 0x0000000088000000|  0%| F|  |TAMS 0x0000000087f00000, 0x0000000087f00000| Untracked 
|  50|0x0000000088000000, 0x0000000088000000, 0x0000000088100000|  0%| F|  |TAMS 0x0000000088000000, 0x0000000088000000| Untracked 
|  51|0x0000000088100000, 0x0000000088100000, 0x0000000088200000|  0%| F|  |TAMS 0x0000000088100000, 0x0000000088100000| Untracked 
|  52|0x0000000088200000, 0x0000000088200000, 0x0000000088300000|  0%| F|  |TAMS 0x0000000088200000, 0x0000000088200000| Untracked 
|  53|0x0000000088300000, 0x0000000088300000, 0x0000000088400000|  0%| F|  |TAMS 0x0000000088300000, 0x0000000088300000| Untracked 
|  54|0x0000000088400000, 0x0000000088400000, 0x0000000088500000|  0%| F|  |TAMS 0x0000000088400000, 0x0000000088400000| Untracked 
|  55|0x0000000088500000, 0x0000000088500000, 0x0000000088600000|  0%| F|  |TAMS 0x0000000088500000, 0x0000000088500000| Untracked 
|  56|0x0000000088600000, 0x0000000088600000, 0x0000000088700000|  0%| F|  |TAMS 0x0000000088600000, 0x0000000088600000| Untracked 
|  57|0x0000000088700000, 0x0000000088700000, 0x0000000088800000|  0%| F|  |TAMS 0x0000000088700000, 0x0000000088700000| Untracked 
|  58|0x0000000088800000, 0x0000000088800000, 0x0000000088900000|  0%| F|  |TAMS 0x0000000088800000, 0x0000000088800000| Untracked 
|  59|0x0000000088900000, 0x0000000088900000, 0x0000000088a00000|  0%| F|  |TAMS 0x0000000088900000, 0x0000000088900000| Untracked 
|  60|0x0000000088a00000, 0x0000000088a00000, 0x0000000088b00000|  0%| F|  |TAMS 0x0000000088a00000, 0x0000000088a00000| Untracked 
|  61|0x0000000088b00000, 0x0000000088b00000, 0x0000000088c00000|  0%| F|  |TAMS 0x0000000088b00000, 0x0000000088b00000| Untracked 
|  62|0x0000000088c00000, 0x0000000088c00000, 0x0000000088d00000|  0%| F|  |TAMS 0x0000000088c00000, 0x0000000088c00000| Untracked 
|  63|0x0000000088d00000, 0x0000000088d00000, 0x0000000088e00000|  0%| F|  |TAMS 0x0000000088d00000, 0x0000000088d00000| Untracked 
|  64|0x0000000088e00000, 0x0000000088e00000, 0x0000000088f00000|  0%| F|  |TAMS 0x0000000088e00000, 0x0000000088e00000| Untracked 
|  65|0x0000000088f00000, 0x0000000088f00000, 0x0000000089000000|  0%| F|  |TAMS 0x0000000088f00000, 0x0000000088f00000| Untracked 
|  66|0x0000000089000000, 0x0000000089000000, 0x0000000089100000|  0%| F|  |TAMS 0x0000000089000000, 0x0000000089000000| Untracked 
|  67|0x0000000089100000, 0x0000000089100000, 0x0000000089200000|  0%| F|  |TAMS 0x0000000089100000, 0x0000000089100000| Untracked 
|  68|0x0000000089200000, 0x0000000089200000, 0x0000000089300000|  0%| F|  |TAMS 0x0000000089200000, 0x0000000089200000| Untracked 
|  69|0x0000000089300000, 0x0000000089300000, 0x0000000089400000|  0%| F|  |TAMS 0x0000000089300000, 0x0000000089300000| Untracked 
|  70|0x0000000089400000, 0x0000000089400000, 0x0000000089500000|  0%| F|  |TAMS 0x0000000089400000, 0x0000000089400000| Untracked 
|  71|0x0000000089500000, 0x0000000089500000, 0x0000000089600000|  0%| F|  |TAMS 0x0000000089500000, 0x0000000089500000| Untracked 
|  72|0x0000000089600000, 0x0000000089600000, 0x0000000089700000|  0%| F|  |TAMS 0x0000000089600000, 0x0000000089600000| Untracked 
|  73|0x0000000089700000, 0x0000000089700000, 0x0000000089800000|  0%| F|  |TAMS 0x0000000089700000, 0x0000000089700000| Untracked 
|  74|0x0000000089800000, 0x0000000089800000, 0x0000000089900000|  0%| F|  |TAMS 0x0000000089800000, 0x0000000089800000| Untracked 
|  75|0x0000000089900000, 0x0000000089900000, 0x0000000089a00000|  0%| F|  |TAMS 0x0000000089900000, 0x0000000089900000| Untracked 
|  76|0x0000000089a00000, 0x0000000089a00000, 0x0000000089b00000|  0%| F|  |TAMS 0x0000000089a00000, 0x0000000089a00000| Untracked 
|  77|0x0000000089b00000, 0x0000000089b00000, 0x0000000089c00000|  0%| F|  |TAMS 0x0000000089b00000, 0x0000000089b00000| Untracked 
|  78|0x0000000089c00000, 0x0000000089c00000, 0x0000000089d00000|  0%| F|  |TAMS 0x0000000089c00000, 0x0000000089c00000| Untracked 
|  79|0x0000000089d00000, 0x0000000089d00000, 0x0000000089e00000|  0%| F|  |TAMS 0x0000000089d00000, 0x0000000089d00000| Untracked 
|  80|0x0000000089e00000, 0x0000000089e00000, 0x0000000089f00000|  0%| F|  |TAMS 0x0000000089e00000, 0x0000000089e00000| Untracked 
|  81|0x0000000089f00000, 0x0000000089f00000, 0x000000008a000000|  0%| F|  |TAMS 0x0000000089f00000, 0x0000000089f00000| Untracked 
|  82|0x000000008a000000, 0x000000008a000000, 0x000000008a100000|  0%| F|  |TAMS 0x000000008a000000, 0x000000008a000000| Untracked 
|  83|0x000000008a100000, 0x000000008a100000, 0x000000008a200000|  0%| F|  |TAMS 0x000000008a100000, 0x000000008a100000| Untracked 
|  84|0x000000008a200000, 0x000000008a200000, 0x000000008a300000|  0%| F|  |TAMS 0x000000008a200000, 0x000000008a200000| Untracked 
|  85|0x000000008a300000, 0x000000008a300000, 0x000000008a400000|  0%| F|  |TAMS 0x000000008a300000, 0x000000008a300000| Untracked 
|  86|0x000000008a400000, 0x000000008a400000, 0x000000008a500000|  0%| F|  |TAMS 0x000000008a400000, 0x000000008a400000| Untracked 
|  87|0x000000008a500000, 0x000000008a500000, 0x000000008a600000|  0%| F|  |TAMS 0x000000008a500000, 0x000000008a500000| Untracked 
|  88|0x000000008a600000, 0x000000008a600000, 0x000000008a700000|  0%| F|  |TAMS 0x000000008a600000, 0x000000008a600000| Untracked 
|  89|0x000000008a700000, 0x000000008a700000, 0x000000008a800000|  0%| F|  |TAMS 0x000000008a700000, 0x000000008a700000| Untracked 
|  90|0x000000008a800000, 0x000000008a800000, 0x000000008a900000|  0%| F|  |TAMS 0x000000008a800000, 0x000000008a800000| Untracked 
|  91|0x000000008a900000, 0x000000008a900000, 0x000000008aa00000|  0%| F|  |TAMS 0x000000008a900000, 0x000000008a900000| Untracked 
|  92|0x000000008aa00000, 0x000000008aa00000, 0x000000008ab00000|  0%| F|  |TAMS 0x000000008aa00000, 0x000000008aa00000| Untracked 
|  93|0x000000008ab00000, 0x000000008ab00000, 0x000000008ac00000|  0%| F|  |TAMS 0x000000008ab00000, 0x000000008ab00000| Untracked 
|  94|0x000000008ac00000, 0x000000008ac00000, 0x000000008ad00000|  0%| F|  |TAMS 0x000000008ac00000, 0x000000008ac00000| Untracked 
|  95|0x000000008ad00000, 0x000000008ad00000, 0x000000008ae00000|  0%| F|  |TAMS 0x000000008ad00000, 0x000000008ad00000| Untracked 
|  96|0x000000008ae00000, 0x000000008ae00000, 0x000000008af00000|  0%| F|  |TAMS 0x000000008ae00000, 0x000000008ae00000| Untracked 
|  97|0x000000008af00000, 0x000000008af00000, 0x000000008b000000|  0%| F|  |TAMS 0x000000008af00000, 0x000000008af00000| Untracked 
|  98|0x000000008b000000, 0x000000008b100000, 0x000000008b100000|100%| S|CS|TAMS 0x000000008b000000, 0x000000008b000000| Complete 
|  99|0x000000008b100000, 0x000000008b200000, 0x000000008b200000|100%| S|CS|TAMS 0x000000008b100000, 0x000000008b100000| Complete 
| 100|0x000000008b200000, 0x000000008b300000, 0x000000008b300000|100%| S|CS|TAMS 0x000000008b200000, 0x000000008b200000| Complete 
| 101|0x000000008b300000, 0x000000008b300000, 0x000000008b400000|  0%| F|  |TAMS 0x000000008b300000, 0x000000008b300000| Untracked 
| 102|0x000000008b400000, 0x000000008b400000, 0x000000008b500000|  0%| F|  |TAMS 0x000000008b400000, 0x000000008b400000| Untracked 
| 103|0x000000008b500000, 0x000000008b500000, 0x000000008b600000|  0%| F|  |TAMS 0x000000008b500000, 0x000000008b500000| Untracked 
| 104|0x000000008b600000, 0x000000008b600000, 0x000000008b700000|  0%| F|  |TAMS 0x000000008b600000, 0x000000008b600000| Untracked 
| 105|0x000000008b700000, 0x000000008b700000, 0x000000008b800000|  0%| F|  |TAMS 0x000000008b700000, 0x000000008b700000| Untracked 
| 106|0x000000008b800000, 0x000000008b800000, 0x000000008b900000|  0%| F|  |TAMS 0x000000008b800000, 0x000000008b800000| Untracked 
| 107|0x000000008b900000, 0x000000008b900000, 0x000000008ba00000|  0%| F|  |TAMS 0x000000008b900000, 0x000000008b900000| Untracked 
| 108|0x000000008ba00000, 0x000000008bb00000, 0x000000008bb00000|100%| E|  |TAMS 0x000000008ba00000, 0x000000008ba00000| Complete 
| 109|0x000000008bb00000, 0x000000008bc00000, 0x000000008bc00000|100%| E|CS|TAMS 0x000000008bb00000, 0x000000008bb00000| Complete 
| 110|0x000000008bc00000, 0x000000008bd00000, 0x000000008bd00000|100%| E|CS|TAMS 0x000000008bc00000, 0x000000008bc00000| Complete 
| 111|0x000000008bd00000, 0x000000008be00000, 0x000000008be00000|100%| E|CS|TAMS 0x000000008bd00000, 0x000000008bd00000| Complete 
| 112|0x000000008be00000, 0x000000008bf00000, 0x000000008bf00000|100%| E|CS|TAMS 0x000000008be00000, 0x000000008be00000| Complete 
| 113|0x000000008bf00000, 0x000000008c000000, 0x000000008c000000|100%| E|CS|TAMS 0x000000008bf00000, 0x000000008bf00000| Complete 
| 114|0x000000008c000000, 0x000000008c100000, 0x000000008c100000|100%| E|CS|TAMS 0x000000008c000000, 0x000000008c000000| Complete 
| 115|0x000000008c100000, 0x000000008c200000, 0x000000008c200000|100%| E|CS|TAMS 0x000000008c100000, 0x000000008c100000| Complete 
| 116|0x000000008c200000, 0x000000008c300000, 0x000000008c300000|100%| E|CS|TAMS 0x000000008c200000, 0x000000008c200000| Complete 
| 117|0x000000008c300000, 0x000000008c400000, 0x000000008c400000|100%| E|CS|TAMS 0x000000008c300000, 0x000000008c300000| Complete 
| 118|0x000000008c400000, 0x000000008c500000, 0x000000008c500000|100%| E|CS|TAMS 0x000000008c400000, 0x000000008c400000| Complete 
| 119|0x000000008c500000, 0x000000008c600000, 0x000000008c600000|100%| E|CS|TAMS 0x000000008c500000, 0x000000008c500000| Complete 
| 120|0x000000008c600000, 0x000000008c700000, 0x000000008c700000|100%| E|CS|TAMS 0x000000008c600000, 0x000000008c600000| Complete 
| 121|0x000000008c700000, 0x000000008c800000, 0x000000008c800000|100%| E|CS|TAMS 0x000000008c700000, 0x000000008c700000| Complete 
| 122|0x000000008c800000, 0x000000008c900000, 0x000000008c900000|100%| E|CS|TAMS 0x000000008c800000, 0x000000008c800000| Complete 
| 123|0x000000008c900000, 0x000000008ca00000, 0x000000008ca00000|100%| E|CS|TAMS 0x000000008c900000, 0x000000008c900000| Complete 

Card table byte_map: [0x000001cfccde0000,0x000001cfcd1c0000] _byte_map_base: 0x000001cfcc9b9000

Marking Bits (Prev, Next): (CMBitMap*) 0x000001cfb3d41ba0, (CMBitMap*) 0x000001cfb3d41be0
 Prev Bits: [0x000001cfcd5a0000, 0x000001cfcf468000)
 Next Bits: [0x000001cfcf470000, 0x000001cfd1338000)

Polling page: 0x000001cfb3da0000

Metaspace:

Usage:
  Non-class:     12.79 MB used.
      Class:      1.76 MB used.
       Both:     14.55 MB used.

Virtual space:
  Non-class space:       64.00 MB reserved,      12.88 MB ( 20%) committed,  1 nodes.
      Class space:        1.00 GB reserved,       1.88 MB ( <1%) committed,  1 nodes.
             Both:        1.06 GB reserved,      14.75 MB (  1%) committed. 

Chunk freelists:
   Non-Class:  2.44 MB
       Class:  14.06 MB
        Both:  16.50 MB

MaxMetaspaceSize: unlimited
CompressedClassSpaceSize: 1.00 GB
Initial GC threshold: 21.00 MB
Current GC threshold: 21.00 MB
CDS: on
MetaspaceReclaimPolicy: balanced
 - commit_granule_bytes: 65536.
 - commit_granule_words: 8192.
 - virtual_space_node_default_size: 8388608.
 - enlarge_chunks_in_place: 1.
 - new_chunks_are_fully_committed: 0.
 - uncommit_free_chunks: 1.
 - use_allocation_guard: 0.
 - handle_deallocations: 1.


Internal statistics:

num_allocs_failed_limit: 0.
num_arena_births: 242.
num_arena_deaths: 0.
num_vsnodes_births: 2.
num_vsnodes_deaths: 0.
num_space_committed: 236.
num_space_uncommitted: 0.
num_chunks_returned_to_freelist: 0.
num_chunks_taken_from_freelist: 625.
num_chunk_merges: 0.
num_chunk_splits: 359.
num_chunks_enlarged: 235.
num_inconsistent_stats: 0.

CodeHeap 'non-profiled nmethods': size=120000Kb used=734Kb max_used=734Kb free=119266Kb
 bounds [0x000001cfc4850000, 0x000001cfc4ac0000, 0x000001cfcbd80000]
CodeHeap 'profiled nmethods': size=120000Kb used=3443Kb max_used=3443Kb free=116557Kb
 bounds [0x000001cfbcd80000, 0x000001cfbd0e0000, 0x000001cfc42b0000]
CodeHeap 'non-nmethods': size=5760Kb used=1241Kb max_used=1268Kb free=4518Kb
 bounds [0x000001cfc42b0000, 0x000001cfc4520000, 0x000001cfc4850000]
 total_blobs=2425 nmethods=1881 adapters=456
 compilation: enabled
              stopped_count=0, restarted_count=0
 full_count=0

Compilation events (20 events):
Event: 21.235 Thread 0x000001cfd401f7c0 1839       3       java.io.DataInputStream::readByte (23 bytes)
Event: 21.236 Thread 0x000001cfd401f7c0 nmethod 1839 0x000001cfbd0cff10 code [0x000001cfbd0d00c0, 0x000001cfbd0d0398]
Event: 21.237 Thread 0x000001cfd401f7c0 1840       1       java.time.temporal.ValueRange::getMinimum (5 bytes)
Event: 21.237 Thread 0x000001cfd401f7c0 nmethod 1840 0x000001cfc4903910 code [0x000001cfc4903aa0, 0x000001cfc4903b78]
Event: 21.237 Thread 0x000001cfd401f7c0 1841       1       java.time.temporal.ValueRange::getMaximum (5 bytes)
Event: 21.237 Thread 0x000001cfd401f7c0 nmethod 1841 0x000001cfc4903c10 code [0x000001cfc4903da0, 0x000001cfc4903e78]
Event: 21.237 Thread 0x000001cfd401f7c0 1842       1       java.time.temporal.ChronoField::range (5 bytes)
Event: 21.237 Thread 0x000001cfd401f7c0 nmethod 1842 0x000001cfc4903f10 code [0x000001cfc49040a0, 0x000001cfc4904178]
Event: 21.237 Thread 0x000001cfd401f7c0 1847       3       java.time.temporal.ValueRange::isValidValue (24 bytes)
Event: 21.237 Thread 0x000001cfd401f7c0 nmethod 1847 0x000001cfbd0d0490 code [0x000001cfbd0d0620, 0x000001cfbd0d07f8]
Event: 21.237 Thread 0x000001cfd401f7c0 1843       1       java.time.ZoneOffset::getTotalSeconds (5 bytes)
Event: 21.237 Thread 0x000001cfd401f7c0 nmethod 1843 0x000001cfc4904210 code [0x000001cfc49043a0, 0x000001cfc4904478]
Event: 21.237 Thread 0x000001cfd401f7c0 1844       3       java.time.temporal.ChronoField::checkValidValue (10 bytes)
Event: 21.237 Thread 0x000001cfd401f7c0 nmethod 1844 0x000001cfbd0d0890 code [0x000001cfbd0d0a40, 0x000001cfbd0d0ba8]
Event: 21.237 Thread 0x000001cfd401f7c0 1845       1       java.time.zone.ZoneOffsetTransition::getOffsetAfter (5 bytes)
Event: 21.238 Thread 0x000001cfd401f7c0 nmethod 1845 0x000001cfc4904510 code [0x000001cfc49046a0, 0x000001cfc4904778]
Event: 21.238 Thread 0x000001cfd401f7c0 1846       1       java.time.zone.ZoneOffsetTransition::getOffsetBefore (5 bytes)
Event: 21.238 Thread 0x000001cfd401f7c0 nmethod 1846 0x000001cfc4904810 code [0x000001cfc49049a0, 0x000001cfc4904a78]
Event: 21.241 Thread 0x000001cfd401f7c0 1848       3       jdk.internal.reflect.Reflection::isSubclassOf (21 bytes)
Event: 21.241 Thread 0x000001cfd401f7c0 nmethod 1848 0x000001cfbd0d0c90 code [0x000001cfbd0d0e40, 0x000001cfbd0d1088]

GC Heap History (2 events):
Event: 0.545 GC heap before
{Heap before GC invocations=0 (full 0):
 garbage-first heap   total 126976K, used 23552K [0x0000000084e00000, 0x0000000100000000)
  region size 1024K, 23 young (23552K), 0 survivors (0K)
 Metaspace       used 8038K, committed 8256K, reserved 1114112K
  class space    used 961K, committed 1024K, reserved 1048576K
}
Event: 0.550 GC heap after
{Heap after GC invocations=1 (full 0):
 garbage-first heap   total 126976K, used 4946K [0x0000000084e00000, 0x0000000100000000)
  region size 1024K, 3 young (3072K), 3 survivors (3072K)
 Metaspace       used 8038K, committed 8256K, reserved 1114112K
  class space    used 961K, committed 1024K, reserved 1048576K
}

Deoptimization events (20 events):
Event: 21.200 Thread 0x000001cfb3ce7700 Uncommon trap: trap_request=0xffffffde fr.pc=0x000001cfc48dbe4c relative=0x000000000000092c
Event: 21.200 Thread 0x000001cfb3ce7700 Uncommon trap: reason=class_check action=maybe_recompile pc=0x000001cfc48dbe4c method=java.util.HashMap.putVal(ILjava/lang/Object;Ljava/lang/Object;ZZ)Ljava/lang/Object; @ 91 c2
Event: 21.200 Thread 0x000001cfb3ce7700 DEOPT PACKING pc=0x000001cfc48dbe4c sp=0x000000a4a99fddf0
Event: 21.200 Thread 0x000001cfb3ce7700 DEOPT UNPACKING pc=0x000001cfc43023a3 sp=0x000000a4a99fdd28 mode 2
Event: 21.204 Thread 0x000001cfb3ce7700 Uncommon trap: trap_request=0xffffff45 fr.pc=0x000001cfc489cf18 relative=0x0000000000000098
Event: 21.204 Thread 0x000001cfb3ce7700 Uncommon trap: reason=unstable_if action=reinterpret pc=0x000001cfc489cf18 method=java.util.HashMap.hash(Ljava/lang/Object;)I @ 1 c2
Event: 21.204 Thread 0x000001cfb3ce7700 DEOPT PACKING pc=0x000001cfc489cf18 sp=0x000000a4a99fe050
Event: 21.204 Thread 0x000001cfb3ce7700 DEOPT UNPACKING pc=0x000001cfc43023a3 sp=0x000000a4a99fdfe8 mode 2
Event: 21.206 Thread 0x000001cfb3ce7700 Uncommon trap: trap_request=0xffffffde fr.pc=0x000001cfc48dbe4c relative=0x000000000000092c
Event: 21.206 Thread 0x000001cfb3ce7700 Uncommon trap: reason=class_check action=maybe_recompile pc=0x000001cfc48dbe4c method=java.util.HashMap.putVal(ILjava/lang/Object;Ljava/lang/Object;ZZ)Ljava/lang/Object; @ 91 c2
Event: 21.206 Thread 0x000001cfb3ce7700 DEOPT PACKING pc=0x000001cfc48dbe4c sp=0x000000a4a99fdfe0
Event: 21.206 Thread 0x000001cfb3ce7700 DEOPT UNPACKING pc=0x000001cfc43023a3 sp=0x000000a4a99fdf18 mode 2
Event: 21.206 Thread 0x000001cfb3ce7700 Uncommon trap: trap_request=0xffffffde fr.pc=0x000001cfc48dbe4c relative=0x000000000000092c
Event: 21.206 Thread 0x000001cfb3ce7700 Uncommon trap: reason=class_check action=maybe_recompile pc=0x000001cfc48dbe4c method=java.util.HashMap.putVal(ILjava/lang/Object;Ljava/lang/Object;ZZ)Ljava/lang/Object; @ 91 c2
Event: 21.206 Thread 0x000001cfb3ce7700 DEOPT PACKING pc=0x000001cfc48dbe4c sp=0x000000a4a99fdfe0
Event: 21.206 Thread 0x000001cfb3ce7700 DEOPT UNPACKING pc=0x000001cfc43023a3 sp=0x000000a4a99fdf18 mode 2
Event: 21.207 Thread 0x000001cfb3ce7700 Uncommon trap: trap_request=0xffffffde fr.pc=0x000001cfc48daa20 relative=0x0000000000000900
Event: 21.207 Thread 0x000001cfb3ce7700 Uncommon trap: reason=class_check action=maybe_recompile pc=0x000001cfc48daa20 method=java.util.HashMap.putVal(ILjava/lang/Object;Ljava/lang/Object;ZZ)Ljava/lang/Object; @ 91 c2
Event: 21.207 Thread 0x000001cfb3ce7700 DEOPT PACKING pc=0x000001cfc48daa20 sp=0x000000a4a99fdf80
Event: 21.207 Thread 0x000001cfb3ce7700 DEOPT UNPACKING pc=0x000001cfc43023a3 sp=0x000000a4a99fdf40 mode 2

Classes unloaded (0 events):
No events

Classes redefined (0 events):
No events

Internal exceptions (20 events):
Event: 0.563 Thread 0x000001cfb3ce7700 Exception <a 'java/lang/NoSuchMethodError'{0x000000008c963a00}: 'int java.lang.invoke.DirectMethodHandle$Holder.invokeSpecialIFC(java.lang.Object, java.lang.Object, java.lang.Object)'> (0x000000008c963a00) 
thrown [s\open\src\hotspot\share\interpreter\linkResolver.cpp, line 759]
Event: 0.588 Thread 0x000001cfb3ce7700 Exception <a 'sun/nio/fs/WindowsException'{0x000000008c8cb0e0}> (0x000000008c8cb0e0) 
thrown [s\open\src\hotspot\share\prims\jni.cpp, line 516]
Event: 0.597 Thread 0x000001cfb3ce7700 Exception <a 'java/lang/NoSuchMethodError'{0x000000008c8ef318}: 'int java.lang.invoke.DirectMethodHandle$Holder.invokeStaticInit(java.lang.Object, java.lang.Object, java.lang.Object, java.lang.Object)'> (0x000000008c8ef318) 
thrown [s\open\src\hotspot\share\interpreter\linkResolver.cpp, line 759]
Event: 0.699 Thread 0x000001cfb3ce7700 Exception <a 'java/lang/IncompatibleClassChangeError'{0x000000008c2c6bb8}: Found class java.lang.Object, but interface was expected> (0x000000008c2c6bb8) 
thrown [s\open\src\hotspot\share\interpreter\linkResolver.cpp, line 826]
Event: 0.699 Thread 0x000001cfb3ce7700 Exception <a 'java/lang/NoSuchMethodError'{0x000000008c2cf388}: 'int java.lang.invoke.DirectMethodHandle$Holder.invokeSpecialIFC(java.lang.Object, java.lang.Object, java.lang.Object, java.lang.Object)'> (0x000000008c2cf388) 
thrown [s\open\src\hotspot\share\interpreter\linkResolver.cpp, line 759]
Event: 0.718 Thread 0x000001cfb3ce7700 Exception <a 'java/lang/NoSuchMethodError'{0x000000008c173ba0}: 'double java.lang.invoke.DirectMethodHandle$Holder.invokeVirtual(java.lang.Object, java.lang.Object)'> (0x000000008c173ba0) 
thrown [s\open\src\hotspot\share\interpreter\linkResolver.cpp, line 759]
Event: 0.720 Thread 0x000001cfb3ce7700 Exception <a 'java/lang/NoSuchMethodError'{0x000000008c17a5f0}: 'float java.lang.invoke.DirectMethodHandle$Holder.invokeVirtual(java.lang.Object, java.lang.Object)'> (0x000000008c17a5f0) 
thrown [s\open\src\hotspot\share\interpreter\linkResolver.cpp, line 759]
Event: 0.722 Thread 0x000001cfb3ce7700 Exception <a 'java/lang/NoSuchMethodError'{0x000000008c183ac0}: 'long java.lang.invoke.DirectMethodHandle$Holder.invokeVirtual(java.lang.Object, java.lang.Object)'> (0x000000008c183ac0) 
thrown [s\open\src\hotspot\share\interpreter\linkResolver.cpp, line 759]
Event: 0.728 Thread 0x000001cfb3ce7700 Exception <a 'java/lang/NoSuchMethodError'{0x000000008c1b5688}: 'java.lang.Object java.lang.invoke.DirectMethodHandle$Holder.invokeVirtual(java.lang.Object, java.lang.Object, java.lang.Object)'> (0x000000008c1b5688) 
thrown [s\open\src\hotspot\share\interpreter\linkResolver.cpp, line 759]
Event: 0.746 Thread 0x000001cfb3ce7700 Exception <a 'java/lang/NoSuchMethodError'{0x000000008c093790}: 'java.lang.Object java.lang.invoke.DirectMethodHandle$Holder.newInvokeSpecial(java.lang.Object, java.lang.Object, int, int)'> (0x000000008c093790) 
thrown [s\open\src\hotspot\share\interpreter\linkResolver.cpp, line 759]
Event: 0.746 Thread 0x000001cfb3ce7700 Exception <a 'java/lang/NoSuchMethodError'{0x000000008c09e9d8}: 'void java.lang.invoke.DirectMethodHandle$Holder.invokeStatic(java.lang.Object, java.lang.Object, int)'> (0x000000008c09e9d8) 
thrown [s\open\src\hotspot\share\interpreter\linkResolver.cpp, line 759]
Event: 0.765 Thread 0x000001cfb3ce7700 Exception <a 'java/lang/NoSuchMethodError'{0x000000008bf43bc8}: 'java.lang.Object java.lang.invoke.DirectMethodHandle$Holder.newInvokeSpecial(java.lang.Object, java.lang.Object, java.lang.Object, java.lang.Object, java.lang.Object)'> (0x000000008bf43bc8) 
thrown [s\open\src\hotspot\share\interpreter\linkResolver.cpp, line 759]
Event: 0.771 Thread 0x000001cfb3ce7700 Exception <a 'java/lang/NoSuchMethodError'{0x000000008bf6fb48}: 'void java.lang.invoke.DirectMethodHandle$Holder.invokeInterface(java.lang.Object, java.lang.Object, java.lang.Object)'> (0x000000008bf6fb48) 
thrown [s\open\src\hotspot\share\interpreter\linkResolver.cpp, line 759]
Event: 0.809 Thread 0x000001d01a5849c0 Exception <a 'java/lang/NoSuchMethodError'{0x000000008bea91c0}: 'void java.lang.invoke.DirectMethodHandle$Holder.invokeSpecial(java.lang.Object, java.lang.Object, java.lang.Object)'> (0x000000008bea91c0) 
thrown [s\open\src\hotspot\share\interpreter\linkResolver.cpp, line 759]
Event: 0.818 Thread 0x000001d01a5849c0 Exception <a 'java/lang/NoSuchMethodError'{0x000000008bed6c50}: 'void java.lang.invoke.DirectMethodHandle$Holder.invokeSpecial(java.lang.Object, java.lang.Object, java.lang.Object, java.lang.Object, java.lang.Object)'> (0x000000008bed6c50) 
thrown [s\open\src\hotspot\share\interpreter\linkResolver.cpp, line 759]
Event: 21.168 Thread 0x000001d01a5849c0 Exception <a 'java/lang/NoSuchMethodError'{0x000000008bc130f8}: 'java.lang.Object java.lang.invoke.DirectMethodHandle$Holder.newInvokeSpecial(java.lang.Object, java.lang.Object, long, java.lang.Object, java.lang.Object, java.lang.Object)'> (0x000000008bc130f8) 
thrown [s\open\src\hotspot\share\interpreter\linkResolver.cpp, line 759]
Event: 21.171 Thread 0x000001d01a5849c0 Exception <a 'java/lang/NoSuchMethodError'{0x000000008bc2b1b8}: 'void java.lang.invoke.DirectMethodHandle$Holder.invokeSpecial(java.lang.Object, java.lang.Object, java.lang.Object, java.lang.Object, java.lang.Object, java.lang.Object, java.lang.Object)'> (0x000000008bc2b1b8) 
thrown [s\open\src\hotspot\share\interpreter\linkResolver.cpp, line 759]
Event: 21.187 Thread 0x000001cfb3ce7700 Exception <a 'java/lang/ClassNotFoundException'{0x000000008be39ac0}: sun/misc/SharedSecrets> (0x000000008be39ac0) 
thrown [s\open\src\hotspot\share\classfile\systemDictionary.cpp, line 256]
Event: 21.194 Thread 0x000001cfb3ce7700 Exception <a 'java/lang/reflect/InvocationTargetException'{0x000000008be721e0}> (0x000000008be721e0) 
thrown [s\open\src\hotspot\share\runtime\reflection.cpp, line 1121]
Event: 21.204 Thread 0x000001cfb3ce7700 Implicit null exception at 0x000001cfc489ce8f to 0x000001cfc489cf09

VM Operations (20 events):
Event: 0.525 Executing VM operation: ICBufferFull
Event: 0.525 Executing VM operation: ICBufferFull done
Event: 0.545 Executing VM operation: G1CollectForAllocation
Event: 0.550 Executing VM operation: G1CollectForAllocation done
Event: 0.589 Executing VM operation: HandshakeAllThreads
Event: 0.589 Executing VM operation: HandshakeAllThreads done
Event: 0.625 Executing VM operation: HandshakeAllThreads
Event: 0.625 Executing VM operation: HandshakeAllThreads done
Event: 0.660 Executing VM operation: HandshakeAllThreads
Event: 0.660 Executing VM operation: HandshakeAllThreads done
Event: 0.684 Executing VM operation: HandshakeAllThreads
Event: 0.684 Executing VM operation: HandshakeAllThreads done
Event: 1.686 Executing VM operation: Cleanup
Event: 1.686 Executing VM operation: Cleanup done
Event: 21.160 Executing VM operation: HandshakeAllThreads
Event: 21.160 Executing VM operation: HandshakeAllThreads done
Event: 21.160 Executing VM operation: Cleanup
Event: 21.160 Executing VM operation: Cleanup done
Event: 21.219 Executing VM operation: HandshakeAllThreads
Event: 21.219 Executing VM operation: HandshakeAllThreads done

Events (20 events):
Event: 21.232 loading class java/time/zone/ZoneRulesProvider$1
Event: 21.232 loading class java/time/zone/ZoneRulesProvider$1 done
Event: 21.232 loading class java/time/zone/TzdbZoneRulesProvider
Event: 21.233 loading class java/time/zone/TzdbZoneRulesProvider done
Event: 21.235 loading class java/time/zone/Ser
Event: 21.235 loading class java/io/Externalizable
Event: 21.235 loading class java/io/Externalizable done
Event: 21.235 loading class java/time/zone/Ser done
Event: 21.235 loading class java/time/Month
Event: 21.236 loading class java/time/Month done
Event: 21.236 loading class java/time/DayOfWeek
Event: 21.236 loading class java/time/DayOfWeek done
Event: 21.236 loading class java/time/zone/ZoneOffsetTransitionRule$TimeDefinition
Event: 21.236 loading class java/time/zone/ZoneOffsetTransitionRule$TimeDefinition done
Event: 21.237 loading class sun/util/cldr/CLDRBaseLocaleDataMetaInfo$TZCanonicalIDMapHolder
Event: 21.238 loading class sun/util/cldr/CLDRBaseLocaleDataMetaInfo$TZCanonicalIDMapHolder done
Event: 21.239 loading class sun/util/resources/TimeZoneNames
Event: 21.240 loading class sun/util/resources/TimeZoneNames done
Event: 21.241 loading class sun/util/resources/TimeZoneNames_en
Event: 21.241 loading class sun/util/resources/TimeZoneNames_en done


Dynamic libraries:
0x00007ff74ef70000 - 0x00007ff74ef80000 	C:\Program Files\Java\jdk-17\bin\javaw.exe
0x00007ff80f6b0000 - 0x00007ff80f8c7000 	C:\Windows\SYSTEM32\ntdll.dll
0x00007ffffa600000 - 0x00007ffffa61a000 	C:\Program Files\Avast Software\Avast\aswhook.dll
0x00007ff80d910000 - 0x00007ff80d9d4000 	C:\Windows\System32\KERNEL32.DLL
0x00007ff80ccd0000 - 0x00007ff80d07d000 	C:\Windows\System32\KERNELBASE.dll
0x00007ff80d1a0000 - 0x00007ff80d2b1000 	C:\Windows\System32\ucrtbase.dll
0x00007ffff37f0000 - 0x00007ffff380b000 	C:\Program Files\Java\jdk-17\bin\VCRUNTIME140.dll
0x00007ffff37d0000 - 0x00007ffff37e9000 	C:\Program Files\Java\jdk-17\bin\jli.dll
0x00007ff80d500000 - 0x00007ff80d5b2000 	C:\Windows\System32\ADVAPI32.dll
0x00007ff80f5c0000 - 0x00007ff80f667000 	C:\Windows\System32\msvcrt.dll
0x00007ff80f360000 - 0x00007ff80f409000 	C:\Windows\System32\sechost.dll
0x00007ff80d2c0000 - 0x00007ff80d2e8000 	C:\Windows\System32\bcrypt.dll
0x00007ff80e410000 - 0x00007ff80e524000 	C:\Windows\System32\RPCRT4.dll
0x00007ff80f410000 - 0x00007ff80f5be000 	C:\Windows\System32\USER32.dll
0x00007ff80c9d0000 - 0x00007ff80c9f6000 	C:\Windows\System32\win32u.dll
0x00007fffef2e0000 - 0x00007fffef573000 	C:\Windows\WinSxS\amd64_microsoft.windows.common-controls_6595b64144ccf1df_6.0.22621.3672_none_2713b9d173822955\COMCTL32.dll
0x00007ff80da00000 - 0x00007ff80da29000 	C:\Windows\System32\GDI32.dll
0x00007ff80d080000 - 0x00007ff80d199000 	C:\Windows\System32\gdi32full.dll
0x00007ff80cc30000 - 0x00007ff80ccca000 	C:\Windows\System32\msvcp_win.dll
0x00007ff803250000 - 0x00007ff80325a000 	C:\Windows\SYSTEM32\VERSION.dll
0x00007ff80f320000 - 0x00007ff80f351000 	C:\Windows\System32\IMM32.DLL
0x00007ff805fe0000 - 0x00007ff805fec000 	C:\Program Files\Java\jdk-17\bin\vcruntime140_1.dll
0x00007fffc56f0000 - 0x00007fffc577e000 	C:\Program Files\Java\jdk-17\bin\msvcp140.dll
0x00007fff8f9d0000 - 0x00007fff905b0000 	C:\Program Files\Java\jdk-17\bin\server\jvm.dll
0x00007ff80f050000 - 0x00007ff80f058000 	C:\Windows\System32\PSAPI.DLL
0x00007ff80a410000 - 0x00007ff80a444000 	C:\Windows\SYSTEM32\WINMM.dll
0x00007ffffa920000 - 0x00007ffffa929000 	C:\Windows\SYSTEM32\WSOCK32.dll
0x00007ff80da30000 - 0x00007ff80daa1000 	C:\Windows\System32\ws2_32.DLL
0x00007ff80b990000 - 0x00007ff80b9a8000 	C:\Windows\SYSTEM32\kernel.appcore.dll
0x00007ffff37c0000 - 0x00007ffff37ca000 	C:\Program Files\Java\jdk-17\bin\jimage.dll
0x00007ff80a1d0000 - 0x00007ff80a402000 	C:\Windows\SYSTEM32\DBGHELP.DLL
0x00007ff80e840000 - 0x00007ff80ebcd000 	C:\Windows\System32\combase.dll
0x00007ff80d3f0000 - 0x00007ff80d4c7000 	C:\Windows\System32\OLEAUT32.dll
0x00007ff80a170000 - 0x00007ff80a1a2000 	C:\Windows\SYSTEM32\dbgcore.DLL
0x00007ff80d2f0000 - 0x00007ff80d36b000 	C:\Windows\System32\bcryptPrimitives.dll
0x00007fffdb120000 - 0x00007fffdb145000 	C:\Program Files\Java\jdk-17\bin\java.dll
0x00007fffc1160000 - 0x00007fffc1237000 	C:\Program Files\Java\jdk-17\bin\jsvml.dll
0x00007ff80db40000 - 0x00007ff80e3a8000 	C:\Windows\System32\SHELL32.dll
0x00007ff80a8d0000 - 0x00007ff80b1ce000 	C:\Windows\SYSTEM32\windows.storage.dll
0x00007ff80a790000 - 0x00007ff80a8cf000 	C:\Windows\SYSTEM32\wintypes.dll
0x00007ff80e530000 - 0x00007ff80e629000 	C:\Windows\System32\SHCORE.dll
0x00007ff80d5c0000 - 0x00007ff80d61e000 	C:\Windows\System32\shlwapi.dll
0x00007ff80c900000 - 0x00007ff80c921000 	C:\Windows\SYSTEM32\profapi.dll
0x00007ffff37a0000 - 0x00007ffff37b9000 	C:\Program Files\Java\jdk-17\bin\net.dll
0x00007ff808d70000 - 0x00007ff808ea6000 	C:\Windows\SYSTEM32\WINHTTP.dll
0x00007ff80bf10000 - 0x00007ff80bf79000 	C:\Windows\system32\mswsock.dll
0x00007ffff0c70000 - 0x00007ffff0c86000 	C:\Program Files\Java\jdk-17\bin\nio.dll
0x00007fffef5c0000 - 0x00007fffef5d8000 	C:\Program Files\Java\jdk-17\bin\zip.dll
0x00007ff80b4f0000 - 0x00007ff80b5e8000 	C:\Windows\SYSTEM32\DNSAPI.dll
0x00007ff80b470000 - 0x00007ff80b49d000 	C:\Windows\SYSTEM32\IPHLPAPI.DLL
0x00007ff80db30000 - 0x00007ff80db39000 	C:\Windows\System32\NSI.dll
0x00007ff805a20000 - 0x00007ff805a2a000 	C:\Windows\System32\rasadhlp.dll
0x00007ff805b80000 - 0x00007ff805c03000 	C:\Windows\System32\fwpuclnt.dll
0x00007ff80c260000 - 0x00007ff80c27b000 	C:\Windows\SYSTEM32\CRYPTSP.dll
0x00007ff80b9b0000 - 0x00007ff80b9e5000 	C:\Windows\system32\rsaenh.dll
0x00007ff80bfb0000 - 0x00007ff80bfd8000 	C:\Windows\SYSTEM32\USERENV.dll
0x00007ff80c240000 - 0x00007ff80c24c000 	C:\Windows\SYSTEM32\CRYPTBASE.dll
0x00007ff808c90000 - 0x00007ff808ca9000 	C:\Windows\SYSTEM32\dhcpcsvc6.DLL
0x00007ff808b30000 - 0x00007ff808b4f000 	C:\Windows\SYSTEM32\dhcpcsvc.DLL
0x00007fffed8a0000 - 0x00007fffed8ae000 	C:\Program Files\Java\jdk-17\bin\sunmscapi.dll
0x00007ff80ca00000 - 0x00007ff80cb67000 	C:\Windows\System32\CRYPT32.dll
0x00007ff80c380000 - 0x00007ff80c3ae000 	C:\Windows\SYSTEM32\ncrypt.dll
0x00007ff80c340000 - 0x00007ff80c377000 	C:\Windows\SYSTEM32\NTASN1.dll
0x00007fffe71d0000 - 0x00007fffe71d8000 	C:\Windows\system32\wshunix.dll
0x00007fffdeab0000 - 0x00007fffdeac7000 	C:\Windows\system32\napinsp.dll
0x00007fffdec40000 - 0x00007fffdec5b000 	C:\Windows\system32\pnrpnsp.dll
0x00007fffdf080000 - 0x00007fffdf091000 	C:\Windows\System32\winrnr.dll
0x00007fffe71a0000 - 0x00007fffe71b5000 	C:\Windows\system32\wshbth.dll
0x00007fffdeeb0000 - 0x00007fffdeed7000 	C:\Windows\system32\nlansp_c.dll

dbghelp: loaded successfully - version: 4.0.5 - missing functions: none
symbol engine: initialized successfully - sym options: 0x614 - pdb path: .;C:\Program Files\Java\jdk-17\bin;C:\Windows\SYSTEM32;C:\Program Files\Avast Software\Avast;C:\Windows\WinSxS\amd64_microsoft.windows.common-controls_6595b64144ccf1df_6.0.22621.3672_none_2713b9d173822955;C:\Program Files\Java\jdk-17\bin\server

VM Arguments:
jvm_args: -ea -Dfile.encoding=UTF-8 -XX:+ShowCodeDetailsInExceptionMessages 
java_command: org.testng.remote.RemoteTestNG -serport 58751 -protocol json -d C:\Users\user\eclipseworkspace\UXrinQA\test-output C:\Users\user\AppData\Local\Temp\testng-eclipse--1535544664\testng-customsuite.xml
java_class_path (initial): C:\Users\user\Documents\eclipse-committers-2022-06-R-win32-x86_64\eclipse\configuration\org.eclipse.osgi\1097\0\.cp\lib\testng-remote.jar;C:\Users\user\eclipseworkspace\UXrinQA\target\test-classes;C:\Users\user\eclipseworkspace\UXrinQA\target\classes;C:\Users\user\Documents\eclipse-committers-2022-06-R-win32-x86_64\eclipse\plugins\org.testng_7.4.0.r202105021533.jar;C:\Users\user\Documents\eclipse-committers-2022-06-R-win32-x86_64\eclipse\plugins\com.beust.jcommander_1.78.0.jar;C:\Users\user\Documents\eclipse-committers-2022-06-R-win32-x86_64\eclipse\plugins\org.apache-extras.beanshell.bsh_2.0.0.b6.jar;C:\Users\user\Documents\eclipse-committers-2022-06-R-win32-x86_64\eclipse\plugins\org.yaml.snakeyaml_1.27.0.v20201111-1638.jar;C:\Users\user\Documents\eclipse-committers-2022-06-R-win32-x86_64\eclipse\plugins\org.webjars.jquery_3.5.1.jar;C:\Users\user\.m2\repository\org\junit\jupiter\junit-jupiter-api\5.11.0\junit-jupiter-api-5.11.0.jar;C:\Users\user\.m2\repository\org\opentest4j\opentest4j\1.3.0\opentest4j-1.3.0.jar;C:\Users\user\.m2\repository\org\junit\platform\junit-platform-commons\1.11.0\junit-platform-commons-1.11.0.jar;C:\Users\user\.m2\repository\org\apiguardian\apiguardian-api\1.1.2\apiguardian-api-1.1.2.jar;C:\Users\user\.m2\repository\org\junit\jupiter\junit-jupiter-params\5.11.0\junit-jupiter-params-5.11.0.jar;C:\Users\user\.m2\repository\io\appium\java-client\9.2.2\java-client-9.2.2.jar;C:\Users\user\.m2\repository\org\seleniumhq\selenium\selenium-api\4.24.0\selenium-api-4.24.0.jar;C:\Users\user\.m2\repository\org\jspecify\jspecify\1.0.0\jspecify-1.0.0.jar;C:\Users\user\.m2\repository\org\seleniumhq\selenium\selenium-remote-driver\4.24.0\selenium-remote-driver-4.24.0.jar;C:\Users\user\.m2\repository\com\google\auto\service\auto-service-annotations\1.1.1\auto-service-annotations-1.1.1.jar;C:\Users\user\.m2\repository\com\google\guava\guava\33.3.0-jre\guava-33.3.0-jre.jar;C:\Users\user\.m2\repository\com\google\guava\failureacce
Launcher Type: SUN_STANDARD

[Global flags]
     intx CICompilerCount                          = 4                                         {product} {ergonomic}
     uint ConcGCThreads                            = 3                                         {product} {ergonomic}
     uint G1ConcRefinementThreads                  = 10                                        {product} {ergonomic}
   size_t G1HeapRegionSize                         = 1048576                                   {product} {ergonomic}
    uintx GCDrainStackTargetSize                   = 64                                        {product} {ergonomic}
   size_t InitialHeapSize                          = 130023424                                 {product} {ergonomic}
   size_t MarkStackSize                            = 4194304                                   {product} {ergonomic}
   size_t MaxHeapSize                              = 2065694720                                {product} {ergonomic}
   size_t MaxNewSize                               = 1239416832                                {product} {ergonomic}
   size_t MinHeapDeltaBytes                        = 1048576                                   {product} {ergonomic}
   size_t MinHeapSize                              = 8388608                                   {product} {ergonomic}
    uintx NonNMethodCodeHeapSize                   = 5839372                                {pd product} {ergonomic}
    uintx NonProfiledCodeHeapSize                  = 122909434                              {pd product} {ergonomic}
    uintx ProfiledCodeHeapSize                     = 122909434                              {pd product} {ergonomic}
    uintx ReservedCodeCacheSize                    = 251658240                              {pd product} {ergonomic}
     bool SegmentedCodeCache                       = true                                      {product} {ergonomic}
     bool ShowCodeDetailsInExceptionMessages       = true                                   {manageable} {command line}
   size_t SoftMaxHeapSize                          = 2065694720                             {manageable} {ergonomic}
     bool UseCompressedClassPointers               = true                           {product lp64_product} {ergonomic}
     bool UseCompressedOops                        = true                           {product lp64_product} {ergonomic}
     bool UseG1GC                                  = true                                      {product} {ergonomic}
     bool UseLargePagesIndividualAllocation        = false                                  {pd product} {ergonomic}

Logging:
Log output configuration:
 #0: stdout all=warning uptime,level,tags
 #1: stderr all=off uptime,level,tags

Environment Variables:
JAVA_HOME=C:\Program Files\Java\jdk1.8.0_251\bin
PATH=C:/Users/user/Documents/eclipse-committers-2022-06-R-win32-x86_64/eclipse//plugins/org.eclipse.justj.openjdk.hotspot.jre.full.win32.x86_64_17.0.3.v20220515-1416/jre/bin/server;C:/Users/user/Documents/eclipse-committers-2022-06-R-win32-x86_64/eclipse//plugins/org.eclipse.justj.openjdk.hotspot.jre.full.win32.x86_64_17.0.3.v20220515-1416/jre/bin;C:\Program Files\OpenLogic\jdk-11.0.24.8-hotspot\bin;C:\Program Files\Common Files\Oracle\Java\javapath;C:\Program Files (x86)\Common Files\Oracle\Java\java8path;C:\Program Files (x86)\Common Files\Oracle\Java\javapath;C:\Windows\system32;C:\Windows;C:\Windows\System32\Wbem;C:\Windows\System32\WindowsPowerShell\v1.0\;C:\Windows\System32\OpenSSH\;C:\Program Files\Docker\Docker\resources\bin;C:\Program Files\Java\jdk-17\bin;C:\Program Files\Java\jdk-17;C:\Program Files\Java\jdk1.8.0_251\bin\bin;%JDK_HOME%\bin;C:\apache-maven-3.9.8\bin;C:\Users\user\AppData\Local\Android\Sdk\platform-tools;C:\Users\user\AppData\Local\Android\Sdk\build-tools;C:\Users\user\AppData\Local\Android\Sdk\bin;C:\Program Files\Android\Android Studio\bin;C:\Program Files\Java\jdk1.8.0_251\bin;C:\Users\user\AppData\Local\Android\Sdk;C:\Users\user\AppData\Local\Android\Sdk\tools\bin;C:\Users\user\AppData\Local\Android\Sdk\tools;C:\Users\user\AppData\Local\Programs\Python\Python36;C:\Program Files\nodejs\;C:\Users\user\AppData\Local\Programs\Python\Python36\Scripts;C:\Program Files\Java\jdk-11;C:\Program Files\Git\cmd;C:\Users\user\AppData\Local\Programs\Python\Python36\Scripts\;C:\Users\user\AppData\Local\Programs\Python\Python36\;C:\Users\user\AppData\Local\Microsoft\WindowsApps;C:\Users\user\AppData\Local\Microsoft\WinGet\Packages\Schniz.fnm_Microsoft.Winget.Source_8wekyb3d8bbwe;C:\Users\user\AppData\Roaming\npm;C:\apache-maven-3.9.8\bin;C:\Program Files\Java\jdk1.8.0_251\bin;C:\Program Files\Java\jre1.8.0_421\bin;C:\Program Files\JetBrains\IntelliJ IDEA 2021.2\bin;;C:\Program Files\Java\jdk-11;C:\Users\user\AppData\Local\Programs\Microsoft VS Code\bin;C:\
USERNAME=user
OS=Windows_NT
PROCESSOR_IDENTIFIER=Intel64 Family 6 Model 154 Stepping 4, GenuineIntel



---------------  S Y S T E M  ---------------

OS:
 Windows 11 , 64 bit Build 22621 (10.0.22621.3958)
OS uptime: 4 days 3:26 hours
Hyper-V role detected

CPU: total 12 (initial active 12) (6 cores per cpu, 2 threads per core) family 6 model 154 stepping 4 microcode 0x429, cx8, cmov, fxsr, ht, mmx, 3dnowpref, sse, sse2, sse3, ssse3, sse4.1, sse4.2, popcnt, lzcnt, tsc, tscinvbit, avx, avx2, aes, erms, clmul, bmi1, bmi2, adx, sha, fma, vzeroupper, clflush, clflushopt, clwb, hv

Memory: 4k page, system-wide physical 7875M (395M free)
TotalPageFile size 32451M (AvailPageFile size 0M)
current process WorkingSet (physical memory assigned to process): 95M, peak: 123M
current process commit charge ("private bytes"): 238M, peak: 267M

vm_info: Java HotSpot(TM) 64-Bit Server VM (17.0.11+7-LTS-207) for windows-amd64 JRE (17.0.11+7-LTS-207), built on Mar 11 2024 19:01:50 by "mach5one" with MS VC++ 17.6 (VS2022)

END.
